Watching for file changes with StatReloader
C:\Anna\Python\project 2.1\back\poems\settings.py changed, reloading.
Watching for file changes with StatReloader
Watching for file changes with StatReloader
C:\Anna\Python\project 2.1\back\poems\settings.py changed, reloading.
Watching for file changes with StatReloader
C:\Anna\Python\project 2.1\back\poems\settings.py changed, reloading.
Watching for file changes with StatReloader
C:\Anna\Python\project 2.1\back\poems\settings.py changed, reloading.
Watching for file changes with StatReloader
C:\Anna\Python\project 2.1\back\poems\settings.py changed, reloading.
Watching for file changes with StatReloader
Not Found: /
"GET / HTTP/1.1" 404 3079
Not Found: /favicon.ico
"GET /favicon.ico HTTP/1.1" 404 3130
C:\Anna\Python\project 2.1\back\base\views.py changed, reloading.
Watching for file changes with StatReloader
C:\Anna\Python\project 2.1\back\base\views.py changed, reloading.
Watching for file changes with StatReloader
C:\Anna\Python\project 2.1\back\base\views.py changed, reloading.
Watching for file changes with StatReloader
C:\Anna\Python\project 2.1\back\base\views.py changed, reloading.
Watching for file changes with StatReloader
C:\Anna\Python\project 2.1\back\base\views.py changed, reloading.
Watching for file changes with StatReloader
C:\Anna\Python\project 2.1\back\base\views.py changed, reloading.
Watching for file changes with StatReloader
C:\Anna\Python\project 2.1\back\base\urls.py changed, reloading.
Watching for file changes with StatReloader
C:\Anna\Python\project 2.1\back\base\urls.py changed, reloading.
Watching for file changes with StatReloader
Internal Server Error: /
Traceback (most recent call last):
  File "C:\Anna\Python\project 2.1\back\env\Lib\site-packages\django\core\handlers\exception.py", line 56, in inner
    response = get_response(request)
               ^^^^^^^^^^^^^^^^^^^^^
  File "C:\Anna\Python\project 2.1\back\env\Lib\site-packages\django\core\handlers\base.py", line 197, in _get_response
    response = wrapped_callback(request, *callback_args, **callback_kwargs)
               ^^^^^^^^^^^^^^^^^^^^^^^^^^^^^^^^^^^^^^^^^^^^^^^^^^^^^^^^^^^^
  File "C:\Anna\Python\project 2.1\back\env\Lib\site-packages\django\views\decorators\csrf.py", line 55, in wrapped_view
    return view_func(*args, **kwargs)
           ^^^^^^^^^^^^^^^^^^^^^^^^^^
  File "C:\Anna\Python\project 2.1\back\env\Lib\site-packages\django\views\generic\base.py", line 84, in view
    return self.dispatch(request, *args, **kwargs)
           ^^^^^^^^^^^^^^^^^^^^^^^^^^^^^^^^^^^^^^^
  File "C:\Anna\Python\project 2.1\back\env\Lib\site-packages\rest_framework\views.py", line 509, in dispatch
    response = self.handle_exception(exc)
               ^^^^^^^^^^^^^^^^^^^^^^^^^^
  File "C:\Anna\Python\project 2.1\back\env\Lib\site-packages\rest_framework\views.py", line 469, in handle_exception
    self.raise_uncaught_exception(exc)
  File "C:\Anna\Python\project 2.1\back\env\Lib\site-packages\rest_framework\views.py", line 480, in raise_uncaught_exception
    raise exc
  File "C:\Anna\Python\project 2.1\back\env\Lib\site-packages\rest_framework\views.py", line 506, in dispatch
    response = handler(request, *args, **kwargs)
               ^^^^^^^^^^^^^^^^^^^^^^^^^^^^^^^^^
  File "C:\Anna\Python\project 2.1\back\env\Lib\site-packages\rest_framework\decorators.py", line 50, in handler
    return func(*args, **kwargs)
           ^^^^^^^^^^^^^^^^^^^^^
  File "C:\Anna\Python\project 2.1\back\base\views.py", line 23, in index
    return Response('hello', safe=False)
           ^^^^^^^^^^^^^^^^^^^^^^^^^^^^^
TypeError: Response.__init__() got an unexpected keyword argument 'safe'
"GET / HTTP/1.1" 500 99126
Internal Server Error: /
Traceback (most recent call last):
  File "C:\Anna\Python\project 2.1\back\env\Lib\site-packages\django\core\handlers\exception.py", line 56, in inner
    response = get_response(request)
               ^^^^^^^^^^^^^^^^^^^^^
  File "C:\Anna\Python\project 2.1\back\env\Lib\site-packages\django\core\handlers\base.py", line 197, in _get_response
    response = wrapped_callback(request, *callback_args, **callback_kwargs)
               ^^^^^^^^^^^^^^^^^^^^^^^^^^^^^^^^^^^^^^^^^^^^^^^^^^^^^^^^^^^^
  File "C:\Anna\Python\project 2.1\back\env\Lib\site-packages\django\views\decorators\csrf.py", line 55, in wrapped_view
    return view_func(*args, **kwargs)
           ^^^^^^^^^^^^^^^^^^^^^^^^^^
  File "C:\Anna\Python\project 2.1\back\env\Lib\site-packages\django\views\generic\base.py", line 84, in view
    return self.dispatch(request, *args, **kwargs)
           ^^^^^^^^^^^^^^^^^^^^^^^^^^^^^^^^^^^^^^^
  File "C:\Anna\Python\project 2.1\back\env\Lib\site-packages\rest_framework\views.py", line 509, in dispatch
    response = self.handle_exception(exc)
               ^^^^^^^^^^^^^^^^^^^^^^^^^^
  File "C:\Anna\Python\project 2.1\back\env\Lib\site-packages\rest_framework\views.py", line 469, in handle_exception
    self.raise_uncaught_exception(exc)
  File "C:\Anna\Python\project 2.1\back\env\Lib\site-packages\rest_framework\views.py", line 480, in raise_uncaught_exception
    raise exc
  File "C:\Anna\Python\project 2.1\back\env\Lib\site-packages\rest_framework\views.py", line 506, in dispatch
    response = handler(request, *args, **kwargs)
               ^^^^^^^^^^^^^^^^^^^^^^^^^^^^^^^^^
  File "C:\Anna\Python\project 2.1\back\env\Lib\site-packages\rest_framework\decorators.py", line 50, in handler
    return func(*args, **kwargs)
           ^^^^^^^^^^^^^^^^^^^^^
  File "C:\Anna\Python\project 2.1\back\base\views.py", line 23, in index
    return Response('hello', safe=False)
           ^^^^^^^^^^^^^^^^^^^^^^^^^^^^^
TypeError: Response.__init__() got an unexpected keyword argument 'safe'
"GET / HTTP/1.1" 500 99126
C:\Anna\Python\project 2.1\back\base\views.py changed, reloading.
Watching for file changes with StatReloader
"GET / HTTP/1.1" 200 9988
"GET /static/rest_framework/css/bootstrap-tweaks.css HTTP/1.1" 200 3385
"GET /static/rest_framework/css/prettify.css HTTP/1.1" 200 817
"GET /static/rest_framework/css/bootstrap.min.css HTTP/1.1" 200 121457
"GET /static/rest_framework/js/csrf.js HTTP/1.1" 200 1719
"GET /static/rest_framework/js/ajax-form.js HTTP/1.1" 200 3597
"GET /static/rest_framework/css/default.css HTTP/1.1" 200 1152
"GET /static/rest_framework/js/default.js HTTP/1.1" 200 1268
"GET /static/rest_framework/img/grid.png HTTP/1.1" 200 1458
"GET /static/rest_framework/js/bootstrap.min.js HTTP/1.1" 200 39680
"GET /static/rest_framework/js/prettify-min.js HTTP/1.1" 200 13632
"GET /static/rest_framework/js/jquery-3.5.1.min.js HTTP/1.1" 200 89476
C:\Anna\Python\project 2.1\back\base\views.py changed, reloading.
Watching for file changes with StatReloader
Watching for file changes with StatReloader
C:\Anna\Python\project 2.1\back\base\views.py changed, reloading.
Watching for file changes with StatReloader
C:\Anna\Python\project 2.1\back\base\views.py changed, reloading.
Watching for file changes with StatReloader
C:\Anna\Python\project 2.1\back\base\views.py changed, reloading.
Watching for file changes with StatReloader
C:\Anna\Python\project 2.1\back\base\views.py changed, reloading.
Watching for file changes with StatReloader
C:\Anna\Python\project 2.1\back\base\views.py changed, reloading.
Watching for file changes with StatReloader
Watching for file changes with StatReloader
Method Not Allowed: /api/token/
"GET /api/token/ HTTP/1.1" 405 12543
"POST /api/token/ HTTP/1.1" 200 13172
C:\Anna\Python\project 2.1\back\poems\settings.py changed, reloading.
Watching for file changes with StatReloader
C:\Anna\Python\project 2.1\back\base\views.py changed, reloading.
Watching for file changes with StatReloader
C:\Anna\Python\project 2.1\back\base\views.py changed, reloading.
Watching for file changes with StatReloader
Method Not Allowed: /api/token/
"GET /api/token/ HTTP/1.1" 405 40
"GET /static/rest_framework/css/bootstrap.min.css.map HTTP/1.1" 200 540434
"POST /api/token/ HTTP/1.1" 200 13172
Not Found: /api/token/d
"GET /api/token/d HTTP/1.1" 404 3277
Unauthorized: /api/generated_poem_list/
"GET /api/generated_poem_list/ HTTP/1.1" 401 10208
Unauthorized: /api/generated_poem_list/
"GET /api/generated_poem_list/ HTTP/1.1" 401 10208
Unauthorized: /api/generated_poem_list/
"GET /api/generated_poem_list/?format=json HTTP/1.1" 401 58
Unauthorized: /api/generated_poem_list/
"GET /api/generated_poem_list/ HTTP/1.1" 401 10208
